[2016-05-26 01:00:12,167] INFO [Kafka Server 0], shutting down (kafka.server.KafkaServer)
[2016-05-26 01:00:12,169] INFO [Kafka Server 0], Starting controlled shutdown (kafka.server.KafkaServer)
[2016-05-26 01:00:12,199] INFO [Kafka Server 0], Controlled shutdown succeeded (kafka.server.KafkaServer)
[2016-05-26 01:00:12,201] INFO [Socket Server on Broker 0], Shutting down (kafka.network.SocketServer)
[2016-05-26 01:00:12,218] INFO [Socket Server on Broker 0], Shutdown completed (kafka.network.SocketServer)
[2016-05-26 01:00:12,219] INFO [Kafka Request Handler on Broker 0], shutting down (kafka.server.KafkaRequestHandlerPool)
[2016-05-26 01:00:12,221] INFO [Kafka Request Handler on Broker 0], shut down completely (kafka.server.KafkaRequestHandlerPool)
[2016-05-26 01:00:12,224] INFO [ThrottledRequestReaper-Produce], Shutting down (kafka.server.ClientQuotaManager$ThrottledRequestReaper)
[2016-05-26 01:00:12,682] INFO [ThrottledRequestReaper-Produce], Shutdown completed (kafka.server.ClientQuotaManager$ThrottledRequestReaper)
[2016-05-26 01:00:12,682] INFO [ThrottledRequestReaper-Produce], Stopped  (kafka.server.ClientQuotaManager$ThrottledRequestReaper)
[2016-05-26 01:00:12,683] INFO [ThrottledRequestReaper-Fetch], Shutting down (kafka.server.ClientQuotaManager$ThrottledRequestReaper)
[2016-05-26 01:00:13,684] INFO [ThrottledRequestReaper-Fetch], Stopped  (kafka.server.ClientQuotaManager$ThrottledRequestReaper)
[2016-05-26 01:00:13,684] INFO [ThrottledRequestReaper-Fetch], Shutdown completed (kafka.server.ClientQuotaManager$ThrottledRequestReaper)
[2016-05-26 01:00:13,685] INFO [KafkaApi-0] Shutdown complete. (kafka.server.KafkaApis)
[2016-05-26 01:00:13,687] INFO [Replica Manager on Broker 0]: Shutting down (kafka.server.ReplicaManager)
[2016-05-26 01:00:13,688] INFO [ReplicaFetcherManager on broker 0] shutting down (kafka.server.ReplicaFetcherManager)
[2016-05-26 01:00:13,689] INFO [ReplicaFetcherManager on broker 0] shutdown completed (kafka.server.ReplicaFetcherManager)
[2016-05-26 01:00:13,689] INFO [ExpirationReaper-0], Shutting down (kafka.server.DelayedOperationPurgatory$ExpiredOperationReaper)
[2016-05-26 01:00:13,723] INFO [ExpirationReaper-0], Stopped  (kafka.server.DelayedOperationPurgatory$ExpiredOperationReaper)
[2016-05-26 01:00:13,724] INFO [ExpirationReaper-0], Shutdown completed (kafka.server.DelayedOperationPurgatory$ExpiredOperationReaper)
[2016-05-26 01:00:13,724] INFO [ExpirationReaper-0], Shutting down (kafka.server.DelayedOperationPurgatory$ExpiredOperationReaper)
[2016-05-26 01:00:13,924] INFO [ExpirationReaper-0], Stopped  (kafka.server.DelayedOperationPurgatory$ExpiredOperationReaper)
[2016-05-26 01:00:13,924] INFO [ExpirationReaper-0], Shutdown completed (kafka.server.DelayedOperationPurgatory$ExpiredOperationReaper)
[2016-05-26 01:00:13,928] INFO [Replica Manager on Broker 0]: Shut down completely (kafka.server.ReplicaManager)
[2016-05-26 01:00:13,929] INFO Shutting down. (kafka.log.LogManager)
[2016-05-26 01:00:13,949] INFO Shutdown complete. (kafka.log.LogManager)
[2016-05-26 01:00:13,950] INFO [GroupCoordinator 0]: Shutting down. (kafka.coordinator.GroupCoordinator)
[2016-05-26 01:00:13,950] INFO [ExpirationReaper-0], Shutting down (kafka.server.DelayedOperationPurgatory$ExpiredOperationReaper)
[2016-05-26 01:00:14,124] INFO [ExpirationReaper-0], Stopped  (kafka.server.DelayedOperationPurgatory$ExpiredOperationReaper)
[2016-05-26 01:00:14,124] INFO [ExpirationReaper-0], Shutdown completed (kafka.server.DelayedOperationPurgatory$ExpiredOperationReaper)
[2016-05-26 01:00:14,124] INFO [ExpirationReaper-0], Shutting down (kafka.server.DelayedOperationPurgatory$ExpiredOperationReaper)
[2016-05-26 01:00:14,329] INFO [ExpirationReaper-0], Stopped  (kafka.server.DelayedOperationPurgatory$ExpiredOperationReaper)
[2016-05-26 01:00:14,329] INFO [ExpirationReaper-0], Shutdown completed (kafka.server.DelayedOperationPurgatory$ExpiredOperationReaper)
[2016-05-26 01:00:14,330] INFO [GroupCoordinator 0]: Shutdown complete. (kafka.coordinator.GroupCoordinator)
[2016-05-26 01:00:14,341] INFO [Kafka Server 0], shut down completed (kafka.server.KafkaServer)
[2016-05-26 01:03:27,676] INFO KafkaConfig values: 
	request.timeout.ms = 30000
	log.roll.hours = 168
	inter.broker.protocol.version = 0.9.0.X
	log.preallocate = false
	security.inter.broker.protocol = PLAINTEXT
	controller.socket.timeout.ms = 30000
	ssl.keymanager.algorithm = SunX509
	ssl.key.password = null
	log.cleaner.enable = false
	ssl.provider = null
	num.recovery.threads.per.data.dir = 1
	background.threads = 10
	unclean.leader.election.enable = true
	sasl.kerberos.kinit.cmd = /usr/bin/kinit
	replica.lag.time.max.ms = 10000
	ssl.endpoint.identification.algorithm = null
	auto.create.topics.enable = true
	zookeeper.sync.time.ms = 2000
	ssl.client.auth = none
	ssl.keystore.password = null
	log.cleaner.io.buffer.load.factor = 0.9
	offsets.topic.compression.codec = 0
	log.retention.hours = 168
	log.dirs = /tmp/kafka-logs
	ssl.protocol = TLS
	log.index.size.max.bytes = 10485760
	sasl.kerberos.min.time.before.relogin = 60000
	log.retention.minutes = null
	connections.max.idle.ms = 600000
	ssl.trustmanager.algorithm = PKIX
	offsets.retention.minutes = 1440
	max.connections.per.ip = 2147483647
	replica.fetch.wait.max.ms = 500
	metrics.num.samples = 2
	port = 9092
	offsets.retention.check.interval.ms = 600000
	log.cleaner.dedupe.buffer.size = 524288000
	log.segment.bytes = 1073741824
	group.min.session.timeout.ms = 6000
	producer.purgatory.purge.interval.requests = 1000
	min.insync.replicas = 1
	ssl.truststore.password = null
	log.flush.scheduler.interval.ms = 9223372036854775807
	socket.receive.buffer.bytes = 102400
	leader.imbalance.per.broker.percentage = 10
	num.io.threads = 8
	zookeeper.connect = localhost:2181
	queued.max.requests = 500
	offsets.topic.replication.factor = 3
	replica.socket.timeout.ms = 30000
	offsets.topic.segment.bytes = 104857600
	replica.high.watermark.checkpoint.interval.ms = 5000
	broker.id = 0
	ssl.keystore.location = null
	listeners = PLAINTEXT://:9092
	log.flush.interval.messages = 9223372036854775807
	principal.builder.class = class org.apache.kafka.common.security.auth.DefaultPrincipalBuilder
	log.retention.ms = null
	offsets.commit.required.acks = -1
	sasl.kerberos.principal.to.local.rules = [DEFAULT]
	group.max.session.timeout.ms = 30000
	num.replica.fetchers = 1
	advertised.listeners = null
	replica.socket.receive.buffer.bytes = 65536
	delete.topic.enable = false
	log.index.interval.bytes = 4096
	metric.reporters = []
	compression.type = producer
	log.cleanup.policy = delete
	controlled.shutdown.max.retries = 3
	log.cleaner.threads = 1
	quota.window.size.seconds = 1
	zookeeper.connection.timeout.ms = 6000
	offsets.load.buffer.size = 5242880
	zookeeper.session.timeout.ms = 6000
	ssl.cipher.suites = null
	authorizer.class.name = 
	sasl.kerberos.ticket.renew.jitter = 0.05
	sasl.kerberos.service.name = null
	controlled.shutdown.enable = true
	offsets.topic.num.partitions = 50
	quota.window.num = 11
	message.max.bytes = 1000012
	log.cleaner.backoff.ms = 15000
	log.roll.jitter.hours = 0
	log.retention.check.interval.ms = 300000
	replica.fetch.max.bytes = 1048576
	log.cleaner.delete.retention.ms = 86400000
	fetch.purgatory.purge.interval.requests = 1000
	log.cleaner.min.cleanable.ratio = 0.5
	offsets.commit.timeout.ms = 5000
	zookeeper.set.acl = false
	log.retention.bytes = -1
	offset.metadata.max.bytes = 4096
	leader.imbalance.check.interval.seconds = 300
	quota.consumer.default = 9223372036854775807
	log.roll.jitter.ms = null
	reserved.broker.max.id = 1000
	replica.fetch.backoff.ms = 1000
	advertised.host.name = null
	quota.producer.default = 9223372036854775807
	log.cleaner.io.buffer.size = 524288
	controlled.shutdown.retry.backoff.ms = 5000
	log.dir = /tmp/kafka-logs
	log.flush.offset.checkpoint.interval.ms = 60000
	log.segment.delete.delay.ms = 60000
	num.partitions = 1
	num.network.threads = 3
	socket.request.max.bytes = 104857600
	sasl.kerberos.ticket.renew.window.factor = 0.8
	log.roll.ms = null
	ssl.enabled.protocols = [TLSv1.2, TLSv1.1, TLSv1]
	socket.send.buffer.bytes = 102400
	log.flush.interval.ms = null
	ssl.truststore.location = null
	log.cleaner.io.max.bytes.per.second = 1.7976931348623157E308
	default.replication.factor = 1
	metrics.sample.window.ms = 30000
	auto.leader.rebalance.enable = true
	host.name = 
	ssl.truststore.type = JKS
	advertised.port = null
	max.connections.per.ip.overrides = 
	replica.fetch.min.bytes = 1
	ssl.keystore.type = JKS
 (kafka.server.KafkaConfig)
[2016-05-26 01:03:27,779] INFO starting (kafka.server.KafkaServer)
[2016-05-26 01:03:27,786] INFO Connecting to zookeeper on localhost:2181 (kafka.server.KafkaServer)
[2016-05-26 01:03:28,182] INFO Loading logs. (kafka.log.LogManager)
[2016-05-26 01:03:28,266] INFO Completed load of log __consumer_offsets-0 with log end offset 0 (kafka.log.Log)
[2016-05-26 01:03:28,277] INFO Completed load of log __consumer_offsets-1 with log end offset 0 (kafka.log.Log)
[2016-05-26 01:03:28,283] INFO Completed load of log __consumer_offsets-10 with log end offset 0 (kafka.log.Log)
[2016-05-26 01:03:28,287] INFO Completed load of log __consumer_offsets-11 with log end offset 0 (kafka.log.Log)
[2016-05-26 01:03:28,291] INFO Completed load of log __consumer_offsets-12 with log end offset 0 (kafka.log.Log)
[2016-05-26 01:03:28,295] INFO Completed load of log __consumer_offsets-13 with log end offset 0 (kafka.log.Log)
[2016-05-26 01:03:28,299] INFO Completed load of log __consumer_offsets-14 with log end offset 0 (kafka.log.Log)
[2016-05-26 01:03:28,311] INFO Completed load of log __consumer_offsets-15 with log end offset 0 (kafka.log.Log)
[2016-05-26 01:03:28,315] INFO Completed load of log __consumer_offsets-16 with log end offset 0 (kafka.log.Log)
[2016-05-26 01:03:28,318] INFO Completed load of log __consumer_offsets-17 with log end offset 0 (kafka.log.Log)
[2016-05-26 01:03:28,322] INFO Completed load of log __consumer_offsets-18 with log end offset 0 (kafka.log.Log)
[2016-05-26 01:03:28,326] INFO Completed load of log __consumer_offsets-19 with log end offset 0 (kafka.log.Log)
[2016-05-26 01:03:28,332] INFO Completed load of log __consumer_offsets-2 with log end offset 0 (kafka.log.Log)
[2016-05-26 01:03:28,339] INFO Completed load of log __consumer_offsets-20 with log end offset 0 (kafka.log.Log)
[2016-05-26 01:03:28,344] INFO Completed load of log __consumer_offsets-21 with log end offset 0 (kafka.log.Log)
[2016-05-26 01:03:28,350] INFO Completed load of log __consumer_offsets-22 with log end offset 0 (kafka.log.Log)
[2016-05-26 01:03:28,358] INFO Completed load of log __consumer_offsets-23 with log end offset 0 (kafka.log.Log)
[2016-05-26 01:03:28,362] INFO Completed load of log __consumer_offsets-24 with log end offset 0 (kafka.log.Log)
[2016-05-26 01:03:28,366] INFO Completed load of log __consumer_offsets-25 with log end offset 0 (kafka.log.Log)
[2016-05-26 01:03:28,371] INFO Completed load of log __consumer_offsets-26 with log end offset 0 (kafka.log.Log)
[2016-05-26 01:03:28,375] INFO Completed load of log __consumer_offsets-27 with log end offset 0 (kafka.log.Log)
[2016-05-26 01:03:28,382] INFO Completed load of log __consumer_offsets-28 with log end offset 0 (kafka.log.Log)
[2016-05-26 01:03:28,389] INFO Completed load of log __consumer_offsets-29 with log end offset 0 (kafka.log.Log)
[2016-05-26 01:03:28,403] INFO Completed load of log __consumer_offsets-3 with log end offset 0 (kafka.log.Log)
[2016-05-26 01:03:28,412] INFO Completed load of log __consumer_offsets-30 with log end offset 0 (kafka.log.Log)
[2016-05-26 01:03:28,417] INFO Completed load of log __consumer_offsets-31 with log end offset 0 (kafka.log.Log)
[2016-05-26 01:03:28,421] INFO Completed load of log __consumer_offsets-32 with log end offset 0 (kafka.log.Log)
[2016-05-26 01:03:28,426] INFO Completed load of log __consumer_offsets-33 with log end offset 0 (kafka.log.Log)
[2016-05-26 01:03:28,434] INFO Completed load of log __consumer_offsets-34 with log end offset 0 (kafka.log.Log)
[2016-05-26 01:03:28,439] INFO Completed load of log __consumer_offsets-35 with log end offset 0 (kafka.log.Log)
[2016-05-26 01:03:28,451] INFO Completed load of log __consumer_offsets-36 with log end offset 0 (kafka.log.Log)
[2016-05-26 01:03:28,465] INFO Completed load of log __consumer_offsets-37 with log end offset 0 (kafka.log.Log)
[2016-05-26 01:03:28,473] INFO Completed load of log __consumer_offsets-38 with log end offset 0 (kafka.log.Log)
[2016-05-26 01:03:28,478] INFO Completed load of log __consumer_offsets-39 with log end offset 0 (kafka.log.Log)
[2016-05-26 01:03:28,482] INFO Completed load of log __consumer_offsets-4 with log end offset 0 (kafka.log.Log)
[2016-05-26 01:03:28,490] INFO Completed load of log __consumer_offsets-40 with log end offset 0 (kafka.log.Log)
[2016-05-26 01:03:28,495] INFO Completed load of log __consumer_offsets-41 with log end offset 0 (kafka.log.Log)
[2016-05-26 01:03:28,511] INFO Completed load of log __consumer_offsets-42 with log end offset 0 (kafka.log.Log)
[2016-05-26 01:03:28,516] INFO Completed load of log __consumer_offsets-43 with log end offset 0 (kafka.log.Log)
[2016-05-26 01:03:28,521] INFO Completed load of log __consumer_offsets-44 with log end offset 0 (kafka.log.Log)
[2016-05-26 01:03:28,525] INFO Completed load of log __consumer_offsets-45 with log end offset 0 (kafka.log.Log)
[2016-05-26 01:03:28,530] INFO Completed load of log __consumer_offsets-46 with log end offset 0 (kafka.log.Log)
[2016-05-26 01:03:28,539] INFO Completed load of log __consumer_offsets-47 with log end offset 0 (kafka.log.Log)
[2016-05-26 01:03:28,543] INFO Completed load of log __consumer_offsets-48 with log end offset 0 (kafka.log.Log)
[2016-05-26 01:03:28,548] INFO Completed load of log __consumer_offsets-49 with log end offset 0 (kafka.log.Log)
[2016-05-26 01:03:28,554] INFO Completed load of log __consumer_offsets-5 with log end offset 0 (kafka.log.Log)
[2016-05-26 01:03:28,561] INFO Completed load of log __consumer_offsets-6 with log end offset 0 (kafka.log.Log)
[2016-05-26 01:03:28,565] INFO Completed load of log __consumer_offsets-7 with log end offset 0 (kafka.log.Log)
[2016-05-26 01:03:28,572] INFO Completed load of log __consumer_offsets-8 with log end offset 0 (kafka.log.Log)
[2016-05-26 01:03:28,579] INFO Completed load of log __consumer_offsets-9 with log end offset 0 (kafka.log.Log)
[2016-05-26 01:03:28,628] INFO Completed load of log copy-segments-0 with log end offset 2 (kafka.log.Log)
[2016-05-26 01:03:28,670] INFO Completed load of log notify-0 with log end offset 2 (kafka.log.Log)
[2016-05-26 01:03:28,708] INFO Completed load of log test-0 with log end offset 1 (kafka.log.Log)
[2016-05-26 01:03:28,738] INFO Completed load of log topic-0 with log end offset 0 (kafka.log.Log)
[2016-05-26 01:03:28,777] INFO Completed load of log topic1-0 with log end offset 0 (kafka.log.Log)
[2016-05-26 01:03:28,802] INFO Completed load of log topic2-0 with log end offset 0 (kafka.log.Log)
[2016-05-26 01:03:28,805] INFO Completed load of log topic3-0 with log end offset 0 (kafka.log.Log)
[2016-05-26 01:03:28,809] INFO Logs loading complete. (kafka.log.LogManager)
[2016-05-26 01:03:28,809] INFO Starting log cleanup with a period of 300000 ms. (kafka.log.LogManager)
[2016-05-26 01:03:28,812] INFO Starting log flusher with a default period of 9223372036854775807 ms. (kafka.log.LogManager)
[2016-05-26 01:03:28,884] INFO Awaiting socket connections on 0.0.0.0:9092. (kafka.network.Acceptor)
[2016-05-26 01:03:28,891] INFO [Socket Server on Broker 0], Started 1 acceptor threads (kafka.network.SocketServer)
[2016-05-26 01:03:28,915] INFO [ExpirationReaper-0], Starting  (kafka.server.DelayedOperationPurgatory$ExpiredOperationReaper)
[2016-05-26 01:03:28,915] INFO [ExpirationReaper-0], Starting  (kafka.server.DelayedOperationPurgatory$ExpiredOperationReaper)
[2016-05-26 01:03:28,978] INFO Creating /controller (is it secure? false) (kafka.utils.ZKCheckedEphemeral)
[2016-05-26 01:03:28,989] INFO Result of znode creation is: OK (kafka.utils.ZKCheckedEphemeral)
[2016-05-26 01:03:28,990] INFO 0 successfully elected as leader (kafka.server.ZookeeperLeaderElector)
[2016-05-26 01:03:29,893] INFO New leader is 0 (kafka.server.ZookeeperLeaderElector$LeaderChangeListener)
[2016-05-26 01:03:29,941] INFO [GroupCoordinator 0]: Starting up. (kafka.coordinator.GroupCoordinator)
[2016-05-26 01:03:29,948] INFO [ExpirationReaper-0], Starting  (kafka.server.DelayedOperationPurgatory$ExpiredOperationReaper)
[2016-05-26 01:03:29,955] INFO [ExpirationReaper-0], Starting  (kafka.server.DelayedOperationPurgatory$ExpiredOperationReaper)
[2016-05-26 01:03:29,960] INFO [Group Metadata Manager on Broker 0]: Removed 0 expired offsets in 16 milliseconds. (kafka.coordinator.GroupMetadataManager)
[2016-05-26 01:03:29,961] INFO [GroupCoordinator 0]: Startup complete. (kafka.coordinator.GroupCoordinator)
[2016-05-26 01:03:29,993] INFO [ThrottledRequestReaper-Produce], Starting  (kafka.server.ClientQuotaManager$ThrottledRequestReaper)
[2016-05-26 01:03:29,995] INFO [ThrottledRequestReaper-Fetch], Starting  (kafka.server.ClientQuotaManager$ThrottledRequestReaper)
[2016-05-26 01:03:30,006] INFO Will not load MX4J, mx4j-tools.jar is not in the classpath (kafka.utils.Mx4jLoader$)
[2016-05-26 01:03:30,025] INFO Creating /brokers/ids/0 (is it secure? false) (kafka.utils.ZKCheckedEphemeral)
[2016-05-26 01:03:30,029] INFO Result of znode creation is: OK (kafka.utils.ZKCheckedEphemeral)
[2016-05-26 01:03:30,030] INFO Registered broker 0 at path /brokers/ids/0 with addresses: PLAINTEXT -> EndPoint(192.168.0.25,9092,PLAINTEXT) (kafka.utils.ZkUtils)
[2016-05-26 01:03:30,051] INFO [Kafka Server 0], started (kafka.server.KafkaServer)
[2016-05-26 01:03:30,401] INFO [ReplicaFetcherManager on broker 0] Removed fetcher for partitions [__consumer_offsets,32],[__consumer_offsets,16],[__consumer_offsets,49],[__consumer_offsets,44],[test,0],[notify,0],[__consumer_offsets,28],[copy-segments,0],[topic,0],[__consumer_offsets,17],[__consumer_offsets,23],[__consumer_offsets,7],[__consumer_offsets,4],[__consumer_offsets,29],[__consumer_offsets,35],[__consumer_offsets,3],[__consumer_offsets,24],[__consumer_offsets,41],[topic1,0],[__consumer_offsets,0],[__consumer_offsets,38],[__consumer_offsets,13],[__consumer_offsets,8],[__consumer_offsets,5],[__consumer_offsets,39],[__consumer_offsets,36],[__consumer_offsets,40],[__consumer_offsets,45],[__consumer_offsets,15],[__consumer_offsets,33],[__consumer_offsets,37],[__consumer_offsets,21],[__consumer_offsets,6],[__consumer_offsets,11],[__consumer_offsets,20],[__consumer_offsets,47],[__consumer_offsets,2],[__consumer_offsets,27],[__consumer_offsets,34],[__consumer_offsets,9],[__consumer_offsets,22],[__consumer_offsets,42],[__consumer_offsets,14],[__consumer_offsets,25],[__consumer_offsets,10],[topic2,0],[__consumer_offsets,48],[__consumer_offsets,31],[__consumer_offsets,18],[__consumer_offsets,19],[__consumer_offsets,12],[topic3,0],[__consumer_offsets,46],[__consumer_offsets,43],[__consumer_offsets,1],[__consumer_offsets,26],[__consumer_offsets,30] (kafka.server.ReplicaFetcherManager)
[2016-05-26 01:03:30,846] INFO [Group Metadata Manager on Broker 0]: Loading offsets and group metadata from [__consumer_offsets,25] (kafka.coordinator.GroupMetadataManager)
[2016-05-26 01:03:30,854] INFO [Group Metadata Manager on Broker 0]: Finished loading offsets from [__consumer_offsets,25] in 7 milliseconds. (kafka.coordinator.GroupMetadataManager)
[2016-05-26 01:03:30,854] INFO [Group Metadata Manager on Broker 0]: Loading offsets and group metadata from [__consumer_offsets,31] (kafka.coordinator.GroupMetadataManager)
[2016-05-26 01:03:30,855] INFO [Group Metadata Manager on Broker 0]: Finished loading offsets from [__consumer_offsets,31] in 1 milliseconds. (kafka.coordinator.GroupMetadataManager)
[2016-05-26 01:03:30,855] INFO [Group Metadata Manager on Broker 0]: Loading offsets and group metadata from [__consumer_offsets,37] (kafka.coordinator.GroupMetadataManager)
[2016-05-26 01:03:30,859] INFO [Group Metadata Manager on Broker 0]: Finished loading offsets from [__consumer_offsets,37] in 4 milliseconds. (kafka.coordinator.GroupMetadataManager)
[2016-05-26 01:03:30,859] INFO [Group Metadata Manager on Broker 0]: Loading offsets and group metadata from [__consumer_offsets,43] (kafka.coordinator.GroupMetadataManager)
[2016-05-26 01:03:30,863] INFO [Group Metadata Manager on Broker 0]: Finished loading offsets from [__consumer_offsets,43] in 3 milliseconds. (kafka.coordinator.GroupMetadataManager)
[2016-05-26 01:03:30,864] INFO [Group Metadata Manager on Broker 0]: Loading offsets and group metadata from [__consumer_offsets,49] (kafka.coordinator.GroupMetadataManager)
[2016-05-26 01:03:30,868] INFO [Group Metadata Manager on Broker 0]: Finished loading offsets from [__consumer_offsets,49] in 4 milliseconds. (kafka.coordinator.GroupMetadataManager)
[2016-05-26 01:03:30,868] INFO [Group Metadata Manager on Broker 0]: Loading offsets and group metadata from [__consumer_offsets,44] (kafka.coordinator.GroupMetadataManager)
[2016-05-26 01:03:30,872] INFO [Group Metadata Manager on Broker 0]: Finished loading offsets from [__consumer_offsets,44] in 4 milliseconds. (kafka.coordinator.GroupMetadataManager)
[2016-05-26 01:03:30,873] INFO [Group Metadata Manager on Broker 0]: Loading offsets and group metadata from [__consumer_offsets,1] (kafka.coordinator.GroupMetadataManager)
[2016-05-26 01:03:30,877] INFO [Group Metadata Manager on Broker 0]: Finished loading offsets from [__consumer_offsets,1] in 4 milliseconds. (kafka.coordinator.GroupMetadataManager)
[2016-05-26 01:03:30,877] INFO [Group Metadata Manager on Broker 0]: Loading offsets and group metadata from [__consumer_offsets,7] (kafka.coordinator.GroupMetadataManager)
[2016-05-26 01:03:30,882] INFO [Group Metadata Manager on Broker 0]: Finished loading offsets from [__consumer_offsets,7] in 4 milliseconds. (kafka.coordinator.GroupMetadataManager)
[2016-05-26 01:03:30,882] INFO [Group Metadata Manager on Broker 0]: Loading offsets and group metadata from [__consumer_offsets,13] (kafka.coordinator.GroupMetadataManager)
[2016-05-26 01:03:30,888] INFO [Group Metadata Manager on Broker 0]: Finished loading offsets from [__consumer_offsets,13] in 5 milliseconds. (kafka.coordinator.GroupMetadataManager)
[2016-05-26 01:03:30,888] INFO [Group Metadata Manager on Broker 0]: Loading offsets and group metadata from [__consumer_offsets,19] (kafka.coordinator.GroupMetadataManager)
[2016-05-26 01:03:30,892] INFO [Group Metadata Manager on Broker 0]: Finished loading offsets from [__consumer_offsets,19] in 4 milliseconds. (kafka.coordinator.GroupMetadataManager)
[2016-05-26 01:03:30,893] INFO [Group Metadata Manager on Broker 0]: Loading offsets and group metadata from [__consumer_offsets,2] (kafka.coordinator.GroupMetadataManager)
[2016-05-26 01:03:30,897] INFO [Group Metadata Manager on Broker 0]: Finished loading offsets from [__consumer_offsets,2] in 4 milliseconds. (kafka.coordinator.GroupMetadataManager)
[2016-05-26 01:03:30,897] INFO [Group Metadata Manager on Broker 0]: Loading offsets and group metadata from [__consumer_offsets,8] (kafka.coordinator.GroupMetadataManager)
[2016-05-26 01:03:30,901] INFO [Group Metadata Manager on Broker 0]: Finished loading offsets from [__consumer_offsets,8] in 4 milliseconds. (kafka.coordinator.GroupMetadataManager)
[2016-05-26 01:03:30,901] INFO [Group Metadata Manager on Broker 0]: Loading offsets and group metadata from [__consumer_offsets,14] (kafka.coordinator.GroupMetadataManager)
[2016-05-26 01:03:30,910] INFO [Group Metadata Manager on Broker 0]: Finished loading offsets from [__consumer_offsets,14] in 9 milliseconds. (kafka.coordinator.GroupMetadataManager)
[2016-05-26 01:03:30,910] INFO [Group Metadata Manager on Broker 0]: Loading offsets and group metadata from [__consumer_offsets,20] (kafka.coordinator.GroupMetadataManager)
[2016-05-26 01:03:30,914] INFO [Group Metadata Manager on Broker 0]: Finished loading offsets from [__consumer_offsets,20] in 4 milliseconds. (kafka.coordinator.GroupMetadataManager)
[2016-05-26 01:03:30,914] INFO [Group Metadata Manager on Broker 0]: Loading offsets and group metadata from [__consumer_offsets,26] (kafka.coordinator.GroupMetadataManager)
[2016-05-26 01:03:30,920] INFO [Group Metadata Manager on Broker 0]: Finished loading offsets from [__consumer_offsets,26] in 6 milliseconds. (kafka.coordinator.GroupMetadataManager)
[2016-05-26 01:03:30,929] INFO [Group Metadata Manager on Broker 0]: Loading offsets and group metadata from [__consumer_offsets,32] (kafka.coordinator.GroupMetadataManager)
[2016-05-26 01:03:30,934] INFO [Group Metadata Manager on Broker 0]: Finished loading offsets from [__consumer_offsets,32] in 5 milliseconds. (kafka.coordinator.GroupMetadataManager)
[2016-05-26 01:03:30,941] INFO [ReplicaFetcherManager on broker 0] Removed fetcher for partitions [__consumer_offsets,32],[__consumer_offsets,16],[__consumer_offsets,49],[__consumer_offsets,44],[test,0],[notify,0],[__consumer_offsets,28],[copy-segments,0],[topic,0],[__consumer_offsets,17],[__consumer_offsets,23],[__consumer_offsets,7],[__consumer_offsets,4],[__consumer_offsets,29],[__consumer_offsets,35],[__consumer_offsets,3],[__consumer_offsets,24],[__consumer_offsets,41],[topic1,0],[__consumer_offsets,0],[__consumer_offsets,38],[__consumer_offsets,13],[__consumer_offsets,8],[__consumer_offsets,5],[__consumer_offsets,39],[__consumer_offsets,36],[__consumer_offsets,40],[__consumer_offsets,45],[__consumer_offsets,15],[__consumer_offsets,33],[__consumer_offsets,37],[__consumer_offsets,21],[__consumer_offsets,6],[__consumer_offsets,11],[__consumer_offsets,20],[__consumer_offsets,47],[__consumer_offsets,2],[__consumer_offsets,27],[__consumer_offsets,34],[__consumer_offsets,9],[__consumer_offsets,22],[__consumer_offsets,42],[__consumer_offsets,14],[__consumer_offsets,25],[__consumer_offsets,10],[topic2,0],[__consumer_offsets,48],[__consumer_offsets,31],[__consumer_offsets,18],[__consumer_offsets,19],[__consumer_offsets,12],[topic3,0],[__consumer_offsets,46],[__consumer_offsets,43],[__consumer_offsets,1],[__consumer_offsets,26],[__consumer_offsets,30] (kafka.server.ReplicaFetcherManager)
[2016-05-26 01:03:30,941] INFO [Group Metadata Manager on Broker 0]: Loading offsets and group metadata from [__consumer_offsets,38] (kafka.coordinator.GroupMetadataManager)
[2016-05-26 01:03:30,945] INFO [Group Metadata Manager on Broker 0]: Finished loading offsets from [__consumer_offsets,38] in 4 milliseconds. (kafka.coordinator.GroupMetadataManager)
[2016-05-26 01:03:30,945] INFO [Group Metadata Manager on Broker 0]: Loading offsets and group metadata from [__consumer_offsets,3] (kafka.coordinator.GroupMetadataManager)
[2016-05-26 01:03:30,951] INFO [Group Metadata Manager on Broker 0]: Finished loading offsets from [__consumer_offsets,3] in 6 milliseconds. (kafka.coordinator.GroupMetadataManager)
[2016-05-26 01:03:30,951] INFO [Group Metadata Manager on Broker 0]: Loading offsets and group metadata from [__consumer_offsets,9] (kafka.coordinator.GroupMetadataManager)
[2016-05-26 01:03:30,957] INFO [Group Metadata Manager on Broker 0]: Finished loading offsets from [__consumer_offsets,9] in 6 milliseconds. (kafka.coordinator.GroupMetadataManager)
[2016-05-26 01:03:30,957] INFO [Group Metadata Manager on Broker 0]: Loading offsets and group metadata from [__consumer_offsets,15] (kafka.coordinator.GroupMetadataManager)
[2016-05-26 01:03:30,962] INFO [Group Metadata Manager on Broker 0]: Finished loading offsets from [__consumer_offsets,15] in 4 milliseconds. (kafka.coordinator.GroupMetadataManager)
[2016-05-26 01:03:30,962] INFO [Group Metadata Manager on Broker 0]: Loading offsets and group metadata from [__consumer_offsets,21] (kafka.coordinator.GroupMetadataManager)
[2016-05-26 01:03:30,966] INFO [Group Metadata Manager on Broker 0]: Finished loading offsets from [__consumer_offsets,21] in 3 milliseconds. (kafka.coordinator.GroupMetadataManager)
[2016-05-26 01:03:30,967] INFO [Group Metadata Manager on Broker 0]: Loading offsets and group metadata from [__consumer_offsets,27] (kafka.coordinator.GroupMetadataManager)
[2016-05-26 01:03:30,972] INFO [Group Metadata Manager on Broker 0]: Finished loading offsets from [__consumer_offsets,27] in 5 milliseconds. (kafka.coordinator.GroupMetadataManager)
[2016-05-26 01:03:30,972] INFO [Group Metadata Manager on Broker 0]: Loading offsets and group metadata from [__consumer_offsets,33] (kafka.coordinator.GroupMetadataManager)
[2016-05-26 01:03:30,976] INFO [Group Metadata Manager on Broker 0]: Finished loading offsets from [__consumer_offsets,33] in 4 milliseconds. (kafka.coordinator.GroupMetadataManager)
[2016-05-26 01:03:30,976] INFO [Group Metadata Manager on Broker 0]: Loading offsets and group metadata from [__consumer_offsets,39] (kafka.coordinator.GroupMetadataManager)
[2016-05-26 01:03:30,980] INFO [Group Metadata Manager on Broker 0]: Finished loading offsets from [__consumer_offsets,39] in 4 milliseconds. (kafka.coordinator.GroupMetadataManager)
[2016-05-26 01:03:30,980] INFO [Group Metadata Manager on Broker 0]: Loading offsets and group metadata from [__consumer_offsets,45] (kafka.coordinator.GroupMetadataManager)
[2016-05-26 01:03:30,986] INFO [Group Metadata Manager on Broker 0]: Finished loading offsets from [__consumer_offsets,45] in 6 milliseconds. (kafka.coordinator.GroupMetadataManager)
[2016-05-26 01:03:30,986] INFO [Group Metadata Manager on Broker 0]: Loading offsets and group metadata from [__consumer_offsets,22] (kafka.coordinator.GroupMetadataManager)
[2016-05-26 01:03:30,992] INFO [Group Metadata Manager on Broker 0]: Finished loading offsets from [__consumer_offsets,22] in 6 milliseconds. (kafka.coordinator.GroupMetadataManager)
[2016-05-26 01:03:30,992] INFO [Group Metadata Manager on Broker 0]: Loading offsets and group metadata from [__consumer_offsets,28] (kafka.coordinator.GroupMetadataManager)
[2016-05-26 01:03:30,996] INFO [Group Metadata Manager on Broker 0]: Finished loading offsets from [__consumer_offsets,28] in 3 milliseconds. (kafka.coordinator.GroupMetadataManager)
[2016-05-26 01:03:30,996] INFO [Group Metadata Manager on Broker 0]: Loading offsets and group metadata from [__consumer_offsets,34] (kafka.coordinator.GroupMetadataManager)
[2016-05-26 01:03:30,999] INFO [Group Metadata Manager on Broker 0]: Finished loading offsets from [__consumer_offsets,34] in 2 milliseconds. (kafka.coordinator.GroupMetadataManager)
[2016-05-26 01:03:30,999] INFO [Group Metadata Manager on Broker 0]: Loading offsets and group metadata from [__consumer_offsets,40] (kafka.coordinator.GroupMetadataManager)
[2016-05-26 01:03:31,002] INFO [Group Metadata Manager on Broker 0]: Finished loading offsets from [__consumer_offsets,40] in 3 milliseconds. (kafka.coordinator.GroupMetadataManager)
[2016-05-26 01:03:31,002] INFO [Group Metadata Manager on Broker 0]: Loading offsets and group metadata from [__consumer_offsets,46] (kafka.coordinator.GroupMetadataManager)
[2016-05-26 01:03:31,012] INFO [Group Metadata Manager on Broker 0]: Finished loading offsets from [__consumer_offsets,46] in 10 milliseconds. (kafka.coordinator.GroupMetadataManager)
[2016-05-26 01:03:31,013] INFO [Group Metadata Manager on Broker 0]: Loading offsets and group metadata from [__consumer_offsets,41] (kafka.coordinator.GroupMetadataManager)
[2016-05-26 01:03:31,017] INFO [Group Metadata Manager on Broker 0]: Finished loading offsets from [__consumer_offsets,41] in 4 milliseconds. (kafka.coordinator.GroupMetadataManager)
[2016-05-26 01:03:31,017] INFO [Group Metadata Manager on Broker 0]: Loading offsets and group metadata from [__consumer_offsets,47] (kafka.coordinator.GroupMetadataManager)
[2016-05-26 01:03:31,026] INFO [Group Metadata Manager on Broker 0]: Finished loading offsets from [__consumer_offsets,47] in 9 milliseconds. (kafka.coordinator.GroupMetadataManager)
[2016-05-26 01:03:31,026] INFO [Group Metadata Manager on Broker 0]: Loading offsets and group metadata from [__consumer_offsets,4] (kafka.coordinator.GroupMetadataManager)
[2016-05-26 01:03:31,029] INFO [Group Metadata Manager on Broker 0]: Finished loading offsets from [__consumer_offsets,4] in 3 milliseconds. (kafka.coordinator.GroupMetadataManager)
[2016-05-26 01:03:31,029] INFO [Group Metadata Manager on Broker 0]: Loading offsets and group metadata from [__consumer_offsets,10] (kafka.coordinator.GroupMetadataManager)
[2016-05-26 01:03:31,032] INFO [Group Metadata Manager on Broker 0]: Finished loading offsets from [__consumer_offsets,10] in 3 milliseconds. (kafka.coordinator.GroupMetadataManager)
[2016-05-26 01:03:31,033] INFO [Group Metadata Manager on Broker 0]: Loading offsets and group metadata from [__consumer_offsets,16] (kafka.coordinator.GroupMetadataManager)
[2016-05-26 01:03:31,038] INFO [Group Metadata Manager on Broker 0]: Finished loading offsets from [__consumer_offsets,16] in 5 milliseconds. (kafka.coordinator.GroupMetadataManager)
[2016-05-26 01:03:31,038] INFO [Group Metadata Manager on Broker 0]: Loading offsets and group metadata from [__consumer_offsets,5] (kafka.coordinator.GroupMetadataManager)
[2016-05-26 01:03:31,044] INFO [Group Metadata Manager on Broker 0]: Finished loading offsets from [__consumer_offsets,5] in 6 milliseconds. (kafka.coordinator.GroupMetadataManager)
[2016-05-26 01:03:31,044] INFO [Group Metadata Manager on Broker 0]: Loading offsets and group metadata from [__consumer_offsets,11] (kafka.coordinator.GroupMetadataManager)
[2016-05-26 01:03:31,047] INFO [Group Metadata Manager on Broker 0]: Finished loading offsets from [__consumer_offsets,11] in 3 milliseconds. (kafka.coordinator.GroupMetadataManager)
[2016-05-26 01:03:31,047] INFO [Group Metadata Manager on Broker 0]: Loading offsets and group metadata from [__consumer_offsets,17] (kafka.coordinator.GroupMetadataManager)
[2016-05-26 01:03:31,050] INFO [Group Metadata Manager on Broker 0]: Finished loading offsets from [__consumer_offsets,17] in 3 milliseconds. (kafka.coordinator.GroupMetadataManager)
[2016-05-26 01:03:31,050] INFO [Group Metadata Manager on Broker 0]: Loading offsets and group metadata from [__consumer_offsets,23] (kafka.coordinator.GroupMetadataManager)
[2016-05-26 01:03:31,053] INFO [Group Metadata Manager on Broker 0]: Finished loading offsets from [__consumer_offsets,23] in 2 milliseconds. (kafka.coordinator.GroupMetadataManager)
[2016-05-26 01:03:31,054] INFO [Group Metadata Manager on Broker 0]: Loading offsets and group metadata from [__consumer_offsets,29] (kafka.coordinator.GroupMetadataManager)
[2016-05-26 01:03:31,057] INFO [Group Metadata Manager on Broker 0]: Finished loading offsets from [__consumer_offsets,29] in 3 milliseconds. (kafka.coordinator.GroupMetadataManager)
[2016-05-26 01:03:31,057] INFO [Group Metadata Manager on Broker 0]: Loading offsets and group metadata from [__consumer_offsets,35] (kafka.coordinator.GroupMetadataManager)
[2016-05-26 01:03:31,060] INFO [Group Metadata Manager on Broker 0]: Finished loading offsets from [__consumer_offsets,35] in 3 milliseconds. (kafka.coordinator.GroupMetadataManager)
[2016-05-26 01:03:31,061] INFO [Group Metadata Manager on Broker 0]: Loading offsets and group metadata from [__consumer_offsets,0] (kafka.coordinator.GroupMetadataManager)
[2016-05-26 01:03:31,064] INFO [Group Metadata Manager on Broker 0]: Finished loading offsets from [__consumer_offsets,0] in 3 milliseconds. (kafka.coordinator.GroupMetadataManager)
[2016-05-26 01:03:31,064] INFO [Group Metadata Manager on Broker 0]: Loading offsets and group metadata from [__consumer_offsets,6] (kafka.coordinator.GroupMetadataManager)
[2016-05-26 01:03:31,068] INFO [Group Metadata Manager on Broker 0]: Finished loading offsets from [__consumer_offsets,6] in 3 milliseconds. (kafka.coordinator.GroupMetadataManager)
[2016-05-26 01:03:31,068] INFO [Group Metadata Manager on Broker 0]: Loading offsets and group metadata from [__consumer_offsets,12] (kafka.coordinator.GroupMetadataManager)
[2016-05-26 01:03:31,074] INFO [Group Metadata Manager on Broker 0]: Finished loading offsets from [__consumer_offsets,12] in 6 milliseconds. (kafka.coordinator.GroupMetadataManager)
[2016-05-26 01:03:31,075] INFO [Group Metadata Manager on Broker 0]: Loading offsets and group metadata from [__consumer_offsets,18] (kafka.coordinator.GroupMetadataManager)
[2016-05-26 01:03:31,077] INFO [Group Metadata Manager on Broker 0]: Finished loading offsets from [__consumer_offsets,18] in 2 milliseconds. (kafka.coordinator.GroupMetadataManager)
[2016-05-26 01:03:31,078] INFO [Group Metadata Manager on Broker 0]: Loading offsets and group metadata from [__consumer_offsets,24] (kafka.coordinator.GroupMetadataManager)
[2016-05-26 01:03:31,081] INFO [Group Metadata Manager on Broker 0]: Finished loading offsets from [__consumer_offsets,24] in 3 milliseconds. (kafka.coordinator.GroupMetadataManager)
[2016-05-26 01:03:31,081] INFO [Group Metadata Manager on Broker 0]: Loading offsets and group metadata from [__consumer_offsets,30] (kafka.coordinator.GroupMetadataManager)
[2016-05-26 01:03:31,084] INFO [Group Metadata Manager on Broker 0]: Finished loading offsets from [__consumer_offsets,30] in 3 milliseconds. (kafka.coordinator.GroupMetadataManager)
[2016-05-26 01:03:31,084] INFO [Group Metadata Manager on Broker 0]: Loading offsets and group metadata from [__consumer_offsets,36] (kafka.coordinator.GroupMetadataManager)
[2016-05-26 01:03:31,090] INFO [Group Metadata Manager on Broker 0]: Finished loading offsets from [__consumer_offsets,36] in 5 milliseconds. (kafka.coordinator.GroupMetadataManager)
[2016-05-26 01:03:31,090] INFO [Group Metadata Manager on Broker 0]: Loading offsets and group metadata from [__consumer_offsets,42] (kafka.coordinator.GroupMetadataManager)
[2016-05-26 01:03:31,095] INFO [Group Metadata Manager on Broker 0]: Finished loading offsets from [__consumer_offsets,42] in 5 milliseconds. (kafka.coordinator.GroupMetadataManager)
[2016-05-26 01:03:31,095] INFO [Group Metadata Manager on Broker 0]: Loading offsets and group metadata from [__consumer_offsets,48] (kafka.coordinator.GroupMetadataManager)
[2016-05-26 01:03:31,098] INFO [Group Metadata Manager on Broker 0]: Finished loading offsets from [__consumer_offsets,48] in 3 milliseconds. (kafka.coordinator.GroupMetadataManager)
[2016-05-26 01:09:23,784] INFO [Kafka Server 0], shutting down (kafka.server.KafkaServer)
[2016-05-26 01:09:23,790] INFO [Kafka Server 0], Starting controlled shutdown (kafka.server.KafkaServer)
[2016-05-26 01:09:23,820] INFO [Kafka Server 0], Controlled shutdown succeeded (kafka.server.KafkaServer)
[2016-05-26 01:09:23,834] INFO [Socket Server on Broker 0], Shutting down (kafka.network.SocketServer)
[2016-05-26 01:09:23,845] INFO [Socket Server on Broker 0], Shutdown completed (kafka.network.SocketServer)
[2016-05-26 01:09:23,846] INFO [Kafka Request Handler on Broker 0], shutting down (kafka.server.KafkaRequestHandlerPool)
[2016-05-26 01:09:23,852] INFO [Kafka Request Handler on Broker 0], shut down completely (kafka.server.KafkaRequestHandlerPool)
[2016-05-26 01:09:23,854] INFO [ThrottledRequestReaper-Produce], Shutting down (kafka.server.ClientQuotaManager$ThrottledRequestReaper)
[2016-05-26 01:09:24,078] INFO [ThrottledRequestReaper-Produce], Shutdown completed (kafka.server.ClientQuotaManager$ThrottledRequestReaper)
[2016-05-26 01:09:24,078] INFO [ThrottledRequestReaper-Produce], Stopped  (kafka.server.ClientQuotaManager$ThrottledRequestReaper)
[2016-05-26 01:09:24,078] INFO [ThrottledRequestReaper-Fetch], Shutting down (kafka.server.ClientQuotaManager$ThrottledRequestReaper)
[2016-05-26 01:09:25,077] INFO [ThrottledRequestReaper-Fetch], Shutdown completed (kafka.server.ClientQuotaManager$ThrottledRequestReaper)
[2016-05-26 01:09:25,077] INFO [ThrottledRequestReaper-Fetch], Stopped  (kafka.server.ClientQuotaManager$ThrottledRequestReaper)
[2016-05-26 01:09:25,078] INFO [KafkaApi-0] Shutdown complete. (kafka.server.KafkaApis)
[2016-05-26 01:09:25,080] INFO [Replica Manager on Broker 0]: Shutting down (kafka.server.ReplicaManager)
[2016-05-26 01:09:25,081] INFO [ReplicaFetcherManager on broker 0] shutting down (kafka.server.ReplicaFetcherManager)
[2016-05-26 01:09:25,082] INFO [ReplicaFetcherManager on broker 0] shutdown completed (kafka.server.ReplicaFetcherManager)
[2016-05-26 01:09:25,082] INFO [ExpirationReaper-0], Shutting down (kafka.server.DelayedOperationPurgatory$ExpiredOperationReaper)
[2016-05-26 01:09:25,138] INFO [ExpirationReaper-0], Shutdown completed (kafka.server.DelayedOperationPurgatory$ExpiredOperationReaper)
[2016-05-26 01:09:25,138] INFO [ExpirationReaper-0], Stopped  (kafka.server.DelayedOperationPurgatory$ExpiredOperationReaper)
[2016-05-26 01:09:25,138] INFO [ExpirationReaper-0], Shutting down (kafka.server.DelayedOperationPurgatory$ExpiredOperationReaper)
[2016-05-26 01:09:25,311] INFO [ExpirationReaper-0], Stopped  (kafka.server.DelayedOperationPurgatory$ExpiredOperationReaper)
[2016-05-26 01:09:25,311] INFO [ExpirationReaper-0], Shutdown completed (kafka.server.DelayedOperationPurgatory$ExpiredOperationReaper)
[2016-05-26 01:09:25,315] INFO [Replica Manager on Broker 0]: Shut down completely (kafka.server.ReplicaManager)
[2016-05-26 01:09:25,316] INFO Shutting down. (kafka.log.LogManager)
[2016-05-26 01:09:25,335] INFO Shutdown complete. (kafka.log.LogManager)
[2016-05-26 01:09:25,336] INFO [GroupCoordinator 0]: Shutting down. (kafka.coordinator.GroupCoordinator)
[2016-05-26 01:09:25,336] INFO [ExpirationReaper-0], Shutting down (kafka.server.DelayedOperationPurgatory$ExpiredOperationReaper)
[2016-05-26 01:09:25,515] INFO [ExpirationReaper-0], Stopped  (kafka.server.DelayedOperationPurgatory$ExpiredOperationReaper)
[2016-05-26 01:09:25,515] INFO [ExpirationReaper-0], Shutdown completed (kafka.server.DelayedOperationPurgatory$ExpiredOperationReaper)
[2016-05-26 01:09:25,515] INFO [ExpirationReaper-0], Shutting down (kafka.server.DelayedOperationPurgatory$ExpiredOperationReaper)
[2016-05-26 01:09:25,578] INFO [ExpirationReaper-0], Stopped  (kafka.server.DelayedOperationPurgatory$ExpiredOperationReaper)
[2016-05-26 01:09:25,578] INFO [ExpirationReaper-0], Shutdown completed (kafka.server.DelayedOperationPurgatory$ExpiredOperationReaper)
[2016-05-26 01:09:25,580] INFO [GroupCoordinator 0]: Shutdown complete. (kafka.coordinator.GroupCoordinator)
[2016-05-26 01:09:25,594] INFO [Kafka Server 0], shut down completed (kafka.server.KafkaServer)
